DanmakuFlameMaster/build/outputs/mapping/release/seeds.txt
master.flame.danmaku.R
master.flame.danmaku.R: R()