DanmakuFlameMaster/build/outputs/mapping/release/usage.txt
master.flame.danmaku.controller.DanmakuFilters$OverlappingFilter
master.flame.danmaku.controller.DanmakuFilters$QuantityDanmakuFilter
master.flame.danmaku.controller.DanmakuFilters$TextColorFilter
master.flame.danmaku.controller.DanmakuFilters$TypeDanmakuFilter
master.flame.danmaku.controller.DanmakuFilters$UserFilter
master.flame.danmaku.controller.DanmakuFilters$UserHashFilter
master.flame.danmaku.controller.DanmakuFilters$UserIdFilter
master.flame.danmaku.controller.DanmakuFilters
master.flame.danmaku.controller.DrawHandler$1
master.flame.danmaku.controller.DrawHandler$2
master.flame.danmaku.controller.DrawHandler$3
master.flame.danmaku.controller.DrawHandler$Callback
master.flame.danmaku.controller.DrawHandler$FrameCallback
master.flame.danmaku.controller.DrawHandler
master.flame.danmaku.controller.DrawHelper
master.flame.danmaku.controller.DrawTask$1
master.flame.danmaku.controller.DrawTask$2
master.flame.danmaku.controller.DrawTask$3
master.flame.danmaku.controller.DrawTask$4
master.flame.danmaku.controller.DrawTask$5
master.flame.danmaku.controller.DrawTask$6
master.flame.danmaku.controller.DrawTask$7
master.flame.danmaku.controller.DrawTask
master.flame.danmaku.controller.IDanmakuView$OnDanmakuClickListener
master.flame.danmaku.controller.IDanmakuView
master.flame.danmaku.controller.IDanmakuViewController
master.flame.danmaku.controller.IDrawTask$TaskListener
master.flame.danmaku.controller.IDrawTask
master.flame.danmaku.controller.UpdateThread
master.flame.danmaku.danmaku.loader.ILoader
master.flame.danmaku.danmaku.loader.IllegalDataException
master.flame.danmaku.danmaku.loader.android.AcFunDanmakuLoader
master.flame.danmaku.danmaku.loader.android.BiliDanmakuLoader
master.flame.danmaku.danmaku.loader.android.DanmakuLoaderFactory
master.flame.danmaku.danmaku.model.AbsDanmakuSync
master.flame.danmaku.danmaku.model.AbsDisplayer
master.flame.danmaku.danmaku.model.AlphaValue
master.flame.danmaku.danmaku.model.BaseDanmaku
master.flame.danmaku.danmaku.model.Danmaku
master.flame.danmaku.danmaku.model.DanmakuTimer
master.flame.danmaku.danmaku.model.Duration
master.flame.danmaku.danmaku.model.FBDanmaku
master.flame.danmaku.danmaku.model.FTDanmaku
master.flame.danmaku.danmaku.model.GlobalFlagValues
master.flame.danmaku.danmaku.model.ICacheManager
master.flame.danmaku.danmaku.model.IDanmakuIterator
master.flame.danmaku.danmaku.model.IDanmakus$BaseComparator
master.flame.danmaku.danmaku.model.IDanmakus$Consumer
master.flame.danmaku.danmaku.model.IDanmakus$DefaultConsumer
master.flame.danmaku.danmaku.model.IDanmakus$TimeComparator
master.flame.danmaku.danmaku.model.IDanmakus$YPosComparator
master.flame.danmaku.danmaku.model.IDanmakus$YPosDescComparator
master.flame.danmaku.danmaku.model.IDanmakus
master.flame.danmaku.danmaku.model.IDisplayer
master.flame.danmaku.danmaku.model.IDrawingCache
master.flame.danmaku.danmaku.model.L2RDanmaku
master.flame.danmaku.danmaku.model.R2LDanmaku
master.flame.danmaku.danmaku.model.SpecialDanmaku$LinePath
master.flame.danmaku.danmaku.model.SpecialDanmaku$Point
master.flame.danmaku.danmaku.model.SpecialDanmaku$ScaleFactor
master.flame.danmaku.danmaku.model.SpecialDanmaku
master.flame.danmaku.danmaku.model.android.AndroidDisplayer$DisplayerConfig
master.flame.danmaku.danmaku.model.android.AndroidDisplayer
master.flame.danmaku.danmaku.model.android.BaseCacheStuffer$Proxy
master.flame.danmaku.danmaku.model.android.BaseCacheStuffer
master.flame.danmaku.danmaku.model.android.CachingPolicy
master.flame.danmaku.danmaku.model.android.DanmakuContext$ConfigChangedCallback
master.flame.danmaku.danmaku.model.android.DanmakuContext$DanmakuConfigTag
master.flame.danmaku.danmaku.model.android.DanmakuContext
master.flame.danmaku.danmaku.model.android.DanmakuFactory
master.flame.danmaku.danmaku.model.android.Danmakus
master.flame.danmaku.danmaku.model.android.DrawingCache
master.flame.danmaku.danmaku.model.android.DrawingCacheHolder
master.flame.danmaku.danmaku.model.android.DrawingCachePoolManager